C:\pradeep\MyProjects\TaskTrackingWebAPI\app\app.component.js
C:\pradeep\MyProjects\TaskTrackingWebAPI\app\app.component.js.map
C:\pradeep\MyProjects\TaskTrackingWebAPI\app\models\user.js
C:\pradeep\MyProjects\TaskTrackingWebAPI\app\models\user.js.map
C:\pradeep\MyProjects\TaskTrackingWebAPI\app\shared\global.js
C:\pradeep\MyProjects\TaskTrackingWebAPI\app\shared\global.js.map
C:\pradeep\MyProjects\TaskTrackingWebAPI\app\service\user.service.js
C:\pradeep\MyProjects\TaskTrackingWebAPI\app\service\user.service.js.map
C:\pradeep\MyProjects\TaskTrackingWebAPI\app\components\home.component.js
C:\pradeep\MyProjects\TaskTrackingWebAPI\app\components\home.component.js.map
C:\pradeep\MyProjects\TaskTrackingWebAPI\app\service\authentication.service.js
C:\pradeep\MyProjects\TaskTrackingWebAPI\app\service\authentication.service.js.map
C:\pradeep\MyProjects\TaskTrackingWebAPI\app\login\login.component.js
C:\pradeep\MyProjects\TaskTrackingWebAPI\app\login\login.component.js.map
C:\pradeep\MyProjects\TaskTrackingWebAPI\app\guards\auth.guard.js
C:\pradeep\MyProjects\TaskTrackingWebAPI\app\guards\auth.guard.js.map
C:\pradeep\MyProjects\TaskTrackingWebAPI\app\models\task.js
C:\pradeep\MyProjects\TaskTrackingWebAPI\app\models\task.js.map
C:\pradeep\MyProjects\TaskTrackingWebAPI\app\service\task.service.js
C:\pradeep\MyProjects\TaskTrackingWebAPI\app\service\task.service.js.map
C:\pradeep\MyProjects\TaskTrackingWebAPI\app\shared\enum.js
C:\pradeep\MyProjects\TaskTrackingWebAPI\app\shared\enum.js.map
C:\pradeep\MyProjects\TaskTrackingWebAPI\app\components\task.component.js
C:\pradeep\MyProjects\TaskTrackingWebAPI\app\components\task.component.js.map
C:\pradeep\MyProjects\TaskTrackingWebAPI\app\app.routing.js
C:\pradeep\MyProjects\TaskTrackingWebAPI\app\app.routing.js.map
C:\pradeep\MyProjects\TaskTrackingWebAPI\app\models\movie.js
C:\pradeep\MyProjects\TaskTrackingWebAPI\app\models\movie.js.map
C:\pradeep\MyProjects\TaskTrackingWebAPI\app\service\movie.service.js
C:\pradeep\MyProjects\TaskTrackingWebAPI\app\service\movie.service.js.map
C:\pradeep\MyProjects\TaskTrackingWebAPI\app\components\movie.component.js
C:\pradeep\MyProjects\TaskTrackingWebAPI\app\components\movie.component.js.map
C:\pradeep\MyProjects\TaskTrackingWebAPI\app\header\header.component.js
C:\pradeep\MyProjects\TaskTrackingWebAPI\app\header\header.component.js.map
C:\pradeep\MyProjects\TaskTrackingWebAPI\app\shared\date-value-accessor.js
C:\pradeep\MyProjects\TaskTrackingWebAPI\app\shared\date-value-accessor.js.map
C:\pradeep\MyProjects\TaskTrackingWebAPI\app\shared\module.js
C:\pradeep\MyProjects\TaskTrackingWebAPI\app\shared\module.js.map
C:\pradeep\MyProjects\TaskTrackingWebAPI\app\app.module.js
C:\pradeep\MyProjects\TaskTrackingWebAPI\app\app.module.js.map
C:\pradeep\MyProjects\TaskTrackingWebAPI\app\main.js
C:\pradeep\MyProjects\TaskTrackingWebAPI\app\main.js.map
